<?xml version="1.0" encoding="UTF-8"?>
<testsuite name="com.bbdn.server.repository.UserVORepositoryTests" tests="2" skipped="0" failures="0" errors="0" timestamp="2021-01-24T11:44:35" hostname="DESKTOP-0NJ0DAR" time="1.006">
  <properties/>
  <testcase name="di()" classname="com.bbdn.server.repository.UserVORepositoryTests" time="0.322"/>
  <testcase name="save()" classname="com.bbdn.server.repository.UserVORepositoryTests" time="0.682"/>
  <system-out><![CDATA[2021-01-24 20:44:33.999  INFO 18528 --- [    Test worker] b.t.a.o.j.DataJpaTestContextBootstrapper : Neither @ContextConfiguration nor @ContextHierarchy found for test class [com.bbdn.server.repository.UserVORepositoryTests], using SpringBootContextLoader
2021-01-24 20:44:34.002  INFO 18528 --- [    Test worker] o.s.t.c.support.AbstractContextLoader    : Could not detect default resource locations for test class [com.bbdn.server.repository.UserVORepositoryTests]: no resource found for suffixes {-context.xml, Context.groovy}.
2021-01-24 20:44:34.003  INFO 18528 --- [    Test worker] t.c.s.AnnotationConfigContextLoaderUtils : Could not detect default configuration classes for test class [com.bbdn.server.repository.UserVORepositoryTests]: UserVORepositoryTests does not declare any static, non-private, non-final, nested classes annotated with @Configuration.
2021-01-24 20:44:34.043  INFO 18528 --- [    Test worker] .b.t.c.SpringBootTestContextBootstrapper : Found @SpringBootConfiguration com.bbdn.server.BbdnServerApplication for test class com.bbdn.server.repository.UserVORepositoryTests
2021-01-24 20:44:34.044  INFO 18528 --- [    Test worker] b.t.a.o.j.DataJpaTestContextBootstrapper : Loaded default TestExecutionListener class names from location [META-INF/spring.factories]: [org.springframework.boot.test.autoconfigure.restdocs.RestDocsTestExecutionListener, org.springframework.boot.test.autoconfigure.web.client.MockRestServiceServerResetTestExecutionListener, org.springframework.boot.test.autoconfigure.web.servlet.MockMvcPrintOnlyOnFailureTestExecutionListener, org.springframework.boot.test.autoconfigure.web.servlet.WebDriverTestExecutionListener, org.springframework.boot.test.mock.mockito.MockitoTestExecutionListener, org.springframework.boot.test.mock.mockito.ResetMocksTestExecutionListener, org.springframework.test.context.web.ServletTestExecutionListener, org.springframework.test.context.support.DirtiesContextBeforeModesTestExecutionListener, org.springframework.test.context.support.DependencyInjectionTestExecutionListener, org.springframework.test.context.support.DirtiesContextTestExecutionListener, org.springframework.test.context.transaction.TransactionalTestExecutionListener, org.springframework.test.context.jdbc.SqlScriptsTestExecutionListener, org.springframework.test.context.event.EventPublishingTestExecutionListener]
2021-01-24 20:44:34.045  INFO 18528 --- [    Test worker] b.t.a.o.j.DataJpaTestContextBootstrapper : Using TestExecutionListeners: [org.springframework.test.context.web.ServletTestExecutionListener@27f664a0, org.springframework.test.context.support.DirtiesContextBeforeModesTestExecutionListener@1d1720c5, org.springframework.boot.test.mock.mockito.MockitoTestExecutionListener@1df39132, org.springframework.boot.test.autoconfigure.SpringBootDependencyInjectionTestExecutionListener@9b570df, org.springframework.test.context.support.DirtiesContextTestExecutionListener@1df2c62d, org.springframework.test.context.transaction.TransactionalTestExecutionListener@39c7cc5e, org.springframework.test.context.jdbc.SqlScriptsTestExecutionListener@383ca055, org.springframework.test.context.event.EventPublishingTestExecutionListener@1aad1c05, org.springframework.boot.test.autoconfigure.restdocs.RestDocsTestExecutionListener@116562d3, org.springframework.boot.test.autoconfigure.web.client.MockRestServiceServerResetTestExecutionListener@1647e99d, org.springframework.boot.test.autoconfigure.web.servlet.MockMvcPrintOnlyOnFailureTestExecutionListener@4ba4dd08, org.springframework.boot.test.autoconfigure.web.servlet.WebDriverTestExecutionListener@391bbd4d, org.springframework.boot.test.mock.mockito.ResetMocksTestExecutionListener@3d23347]

  .   ____          _            __ _ _
 /\\ / ___'_ __ _ _(_)_ __  __ _ \ \ \ \
( ( )\___ | '_ | '_| | '_ \/ _` | \ \ \ \
 \\/  ___)| |_)| | | | | || (_| |  ) ) ) )
  '  |____| .__|_| |_|_| |_\__, | / / / /
 =========|_|==============|___/=/_/_/_/
 :: Spring Boot ::        (v2.2.6.RELEASE)

2021-01-24 20:44:34.160  INFO 18528 --- [    Test worker] c.b.s.repository.UserVORepositoryTests   : Starting UserVORepositoryTests on DESKTOP-0NJ0DAR with PID 18528 (started by pamin in C:\Users\pamin\Documents\GitHub\byeolbyeoldongne-server)
2021-01-24 20:44:34.161  INFO 18528 --- [    Test worker] c.b.s.repository.UserVORepositoryTests   : No active profile set, falling back to default profiles: default
2021-01-24 20:44:34.508  INFO 18528 --- [    Test worker] .s.d.r.c.RepositoryConfigurationDelegate : Multiple Spring Data modules found, entering strict repository configuration mode!
2021-01-24 20:44:34.509  INFO 18528 --- [    Test worker] .s.d.r.c.RepositoryConfigurationDelegate : Bootstrapping Spring Data JPA repositories in DEFAULT mode.
2021-01-24 20:44:34.672  INFO 18528 --- [    Test worker] .s.d.r.c.RepositoryConfigurationDelegate : Finished Spring Data repository scanning in 162ms. Found 7 JPA repository interfaces.
2021-01-24 20:44:34.692  INFO 18528 --- [    Test worker] beddedDataSourceBeanFactoryPostProcessor : Replacing 'dataSource' DataSource bean with embedded version
2021-01-24 20:44:34.786  INFO 18528 --- [    Test worker] o.s.j.d.e.EmbeddedDatabaseFactory        : Starting embedded database: url='jdbc:h2:mem:e30edfe2-9a3c-4a5f-aafd-22a43ec64fe0;DB_CLOSE_DELAY=-1;DB_CLOSE_ON_EXIT=false', username='sa'
2021-01-24 20:44:35.074  INFO 18528 --- [    Test worker] o.hibernate.jpa.internal.util.LogHelper  : HHH000204: Processing PersistenceUnitInfo [name: default]
2021-01-24 20:44:35.106  INFO 18528 --- [    Test worker] org.hibernate.dialect.Dialect            : HHH000400: Using dialect: org.hibernate.dialect.H2Dialect
Hibernate: drop table address_load_info_entity if exists
Hibernate: drop table comment_info_entity if exists
Hibernate: drop table comment_reply_entity if exists
Hibernate: drop table content_info_entity if exists
Hibernate: drop table review_info_entity if exists
Hibernate: drop table user_concern_info_entity if exists
Hibernate: drop table user_entity if exists
Hibernate: drop table uservo if exists
Hibernate: drop sequence if exists hibernate_sequence
Hibernate: create sequence hibernate_sequence start with 1 increment by 1
Hibernate: create table address_load_info_entity (id bigint not null, address_name varchar(255), building_name varchar(255), created_at timestamp, created_by varchar(255), main_building_no varchar(255), modified_at timestamp, modified_by varchar(255), region1depth_name varchar(255), region2depth_name varchar(255), region3depth_name varchar(255), road_name varchar(255), sub_building_no varchar(255), underground_yn varchar(255), zone_no varchar(255), primary key (id))
Hibernate: create table comment_info_entity (id bigint not null, comment_content varchar(255), comment_sequence varchar(255), created_at timestamp, created_by varchar(255), delete_yn varchar(255), email varchar(255), like_count bigint, main_building_no varchar(255), modified_at timestamp, modified_by varchar(255), report_count integer not null, review_sequence varchar(255), road_name varchar(255), zone_no varchar(255), primary key (id))
Hibernate: create table comment_reply_entity (id bigint not null, comment_reply_sequence varchar(255), comment_sequence varchar(255), created_at timestamp, created_by varchar(255), delete_yn varchar(255), email varchar(255), like_count bigint, main_building_no varchar(255), modified_at timestamp, modified_by varchar(255), reply_content varchar(255), report_count integer not null, review_sequence varchar(255), road_name varchar(255), zone_no varchar(255), primary key (id))
Hibernate: create table content_info_entity (id bigint not null, convenience_point double not null, created_at timestamp, created_by varchar(255), delete_yn varchar(255), main_building_no varchar(255), modified_at timestamp, modified_by varchar(255), noise_point double not null, report_count integer not null, review_bad_content varchar(255), review_good_content varchar(255), review_main_content varchar(255), review_sequence varchar(255), road_name varchar(255), safety_point double not null, traffic_point double not null, zone_no varchar(255), user_entity_id bigint, primary key (id))
Hibernate: create table review_info_entity (id bigint not null, address_name varchar(255), convenience_point integer not null, created_at timestamp, created_by varchar(255), email varchar(255), modified_at timestamp, modified_by varchar(255), noise_point integer not null, review_bad_content varchar(255), review_good_content varchar(255), review_main_content varchar(255), road_address varchar(255), safety_point integer not null, traffic_point integer not null, x double not null, y double not null, primary key (id))
Hibernate: create table user_concern_info_entity (id bigint not null, created_at timestamp, created_by varchar(255), email varchar(255), liked_status varchar(255), main_building_no varchar(255), modified_at timestamp, modified_by varchar(255), road_name varchar(255), zone_no varchar(255), primary key (id))
Hibernate: create table user_entity (id bigint not null, created_at timestamp, created_by varchar(255), email varchar(255), email_expired boolean not null, email_locked integer not null, ip varchar(255), lass_password_changed timestamp, login_type varchar(255), modified_at timestamp, modified_by varchar(255), nickname varchar(255), password varchar(255), primary key (id))
Hibernate: create table uservo (id bigint generated by default as identity, email varchar(255), primary key (id))
Hibernate: alter table content_info_entity add constraint FKajmu0coelmgoj17a7rsux329s foreign key (user_entity_id) references user_entity
2021-01-24 20:44:35.481  INFO 18528 --- [    Test worker] o.h.e.t.j.p.i.JtaPlatformInitiator       : HHH000490: Using JtaPlatform implementation: [org.hibernate.engine.transaction.jta.platform.internal.NoJtaPlatform]
2021-01-24 20:44:35.481  INFO 18528 --- [    Test worker] j.LocalContainerEntityManagerFactoryBean : Initialized JPA EntityManagerFactory for persistence unit 'default'
2021-01-24 20:44:35.830  INFO 18528 --- [    Test worker] c.b.s.repository.UserVORepositoryTests   : Started UserVORepositoryTests in 1.779 seconds (JVM running for 72.914)
2021-01-24 20:44:35.864  INFO 18528 --- [    Test worker] o.s.t.c.transaction.TransactionContext   : Began transaction (1) for test context [DefaultTestContext@613cb729 testClass = UserVORepositoryTests, testInstance = com.bbdn.server.repository.UserVORepositoryTests@53e60502, testMethod = di@UserVORepositoryTests, testException = [null], mergedContextConfiguration = [MergedContextConfiguration@3b2761a4 testClass = UserVORepositoryTests, locations = '{}', classes = '{class com.bbdn.server.BbdnServerApplication}', contextInitializerClasses = '[]', activeProfiles = '{}', propertySourceLocations = '{}', propertySourceProperties = '{org.springframework.boot.test.autoconfigure.orm.jpa.DataJpaTestContextBootstrapper=true}', contextCustomizers = set[org.springframework.boot.test.autoconfigure.OverrideAutoConfigurationContextCustomizerFactory$DisableAutoConfigurationContextCustomizer@6043c2e0, org.springframework.boot.test.autoconfigure.filter.TypeExcludeFiltersContextCustomizer@351584c0, org.springframework.boot.test.autoconfigure.properties.PropertyMappingContextCustomizer@e60a349a, org.springframework.boot.test.autoconfigure.web.servlet.WebDriverContextCustomizerFactory$Customizer@2f7c5474, [ImportsContextCustomizer@53201dd5 key = [org.springframework.boot.autoconfigure.cache.CacheAutoConfiguration, org.springframework.boot.autoconfigure.data.jpa.JpaRepositoriesAutoConfiguration, org.springframework.boot.autoconfigure.flyway.FlywayAutoConfiguration, org.springframework.boot.autoconfigure.jdbc.DataSourceAutoConfiguration, org.springframework.boot.autoconfigure.jdbc.DataSourceTransactionManagerAutoConfiguration, org.springframework.boot.autoconfigure.jdbc.JdbcTemplateAutoConfiguration, org.springframework.boot.autoconfigure.liquibase.LiquibaseAutoConfiguration, org.springframework.boot.autoconfigure.orm.jpa.HibernateJpaAutoConfiguration, org.springframework.boot.autoconfigure.transaction.TransactionAutoConfiguration, org.springframework.boot.test.autoconfigure.jdbc.TestDatabaseAutoConfiguration, org.springframework.boot.test.autoconfigure.orm.jpa.TestEntityManagerAutoConfiguration]], org.springframework.boot.test.context.filter.ExcludeFilterContextCustomizer@fa56301, org.springframework.boot.test.json.DuplicateJsonObjectContextCustomizerFactory$DuplicateJsonObjectContextCustomizer@19f608d4, org.springframework.boot.test.mock.mockito.MockitoContextCustomizer@0], contextLoader = 'org.springframework.boot.test.context.SpringBootContextLoader', parent = [null]], attributes = map[[empty]]]; transaction manager [org.springframework.orm.jpa.JpaTransactionManager@58a88d54]; rollback [true]
2021-01-24 20:44:36.132  INFO 18528 --- [    Test worker] c.b.s.repository.UserVORepositoryTests   : jdbc:h2:mem:e30edfe2-9a3c-4a5f-aafd-22a43ec64fe0 H2 JDBC Driver SA
2021-01-24 20:44:36.158  INFO 18528 --- [    Test worker] o.s.t.c.transaction.TransactionContext   : Rolled back transaction for test: [DefaultTestContext@613cb729 testClass = UserVORepositoryTests, testInstance = com.bbdn.server.repository.UserVORepositoryTests@53e60502, testMethod = di@UserVORepositoryTests, testException = [null], mergedContextConfiguration = [MergedContextConfiguration@3b2761a4 testClass = UserVORepositoryTests, locations = '{}', classes = '{class com.bbdn.server.BbdnServerApplication}', contextInitializerClasses = '[]', activeProfiles = '{}', propertySourceLocations = '{}', propertySourceProperties = '{org.springframework.boot.test.autoconfigure.orm.jpa.DataJpaTestContextBootstrapper=true}', contextCustomizers = set[org.springframework.boot.test.autoconfigure.OverrideAutoConfigurationContextCustomizerFactory$DisableAutoConfigurationContextCustomizer@6043c2e0, org.springframework.boot.test.autoconfigure.filter.TypeExcludeFiltersContextCustomizer@351584c0, org.springframework.boot.test.autoconfigure.properties.PropertyMappingContextCustomizer@e60a349a, org.springframework.boot.test.autoconfigure.web.servlet.WebDriverContextCustomizerFactory$Customizer@2f7c5474, [ImportsContextCustomizer@53201dd5 key = [org.springframework.boot.autoconfigure.cache.CacheAutoConfiguration, org.springframework.boot.autoconfigure.data.jpa.JpaRepositoriesAutoConfiguration, org.springframework.boot.autoconfigure.flyway.FlywayAutoConfiguration, org.springframework.boot.autoconfigure.jdbc.DataSourceAutoConfiguration, org.springframework.boot.autoconfigure.jdbc.DataSourceTransactionManagerAutoConfiguration, org.springframework.boot.autoconfigure.jdbc.JdbcTemplateAutoConfiguration, org.springframework.boot.autoconfigure.liquibase.LiquibaseAutoConfiguration, org.springframework.boot.autoconfigure.orm.jpa.HibernateJpaAutoConfiguration, org.springframework.boot.autoconfigure.transaction.TransactionAutoConfiguration, org.springframework.boot.test.autoconfigure.jdbc.TestDatabaseAutoConfiguration, org.springframework.boot.test.autoconfigure.orm.jpa.TestEntityManagerAutoConfiguration]], org.springframework.boot.test.context.filter.ExcludeFilterContextCustomizer@fa56301, org.springframework.boot.test.json.DuplicateJsonObjectContextCustomizerFactory$DuplicateJsonObjectContextCustomizer@19f608d4, org.springframework.boot.test.mock.mockito.MockitoContextCustomizer@0], contextLoader = 'org.springframework.boot.test.context.SpringBootContextLoader', parent = [null]], attributes = map[[empty]]]
2021-01-24 20:44:36.170  INFO 18528 --- [    Test worker] o.s.t.c.transaction.TransactionContext   : Began transaction (1) for test context [DefaultTestContext@613cb729 testClass = UserVORepositoryTests, testInstance = com.bbdn.server.repository.UserVORepositoryTests@1f962fda, testMethod = save@UserVORepositoryTests, testException = [null], mergedContextConfiguration = [MergedContextConfiguration@3b2761a4 testClass = UserVORepositoryTests, locations = '{}', classes = '{class com.bbdn.server.BbdnServerApplication}', contextInitializerClasses = '[]', activeProfiles = '{}', propertySourceLocations = '{}', propertySourceProperties = '{org.springframework.boot.test.autoconfigure.orm.jpa.DataJpaTestContextBootstrapper=true}', contextCustomizers = set[org.springframework.boot.test.autoconfigure.OverrideAutoConfigurationContextCustomizerFactory$DisableAutoConfigurationContextCustomizer@6043c2e0, org.springframework.boot.test.autoconfigure.filter.TypeExcludeFiltersContextCustomizer@351584c0, org.springframework.boot.test.autoconfigure.properties.PropertyMappingContextCustomizer@e60a349a, org.springframework.boot.test.autoconfigure.web.servlet.WebDriverContextCustomizerFactory$Customizer@2f7c5474, [ImportsContextCustomizer@53201dd5 key = [org.springframework.boot.autoconfigure.cache.CacheAutoConfiguration, org.springframework.boot.autoconfigure.data.jpa.JpaRepositoriesAutoConfiguration, org.springframework.boot.autoconfigure.flyway.FlywayAutoConfiguration, org.springframework.boot.autoconfigure.jdbc.DataSourceAutoConfiguration, org.springframework.boot.autoconfigure.jdbc.DataSourceTransactionManagerAutoConfiguration, org.springframework.boot.autoconfigure.jdbc.JdbcTemplateAutoConfiguration, org.springframework.boot.autoconfigure.liquibase.LiquibaseAutoConfiguration, org.springframework.boot.autoconfigure.orm.jpa.HibernateJpaAutoConfiguration, org.springframework.boot.autoconfigure.transaction.TransactionAutoConfiguration, org.springframework.boot.test.autoconfigure.jdbc.TestDatabaseAutoConfiguration, org.springframework.boot.test.autoconfigure.orm.jpa.TestEntityManagerAutoConfiguration]], org.springframework.boot.test.context.filter.ExcludeFilterContextCustomizer@fa56301, org.springframework.boot.test.json.DuplicateJsonObjectContextCustomizerFactory$DuplicateJsonObjectContextCustomizer@19f608d4, org.springframework.boot.test.mock.mockito.MockitoContextCustomizer@0], contextLoader = 'org.springframework.boot.test.context.SpringBootContextLoader', parent = [null]], attributes = map[[empty]]]; transaction manager [org.springframework.orm.jpa.JpaTransactionManager@58a88d54]; rollback [true]
Hibernate: call next value for hibernate_sequence
Hibernate: insert into user_entity (created_at, created_by, email, email_expired, email_locked, ip, lass_password_changed, login_type, modified_at, modified_by, nickname, password, id) values (?, ?, ?, ?, ?, ?, ?, ?, ?, ?, ?, ?, ?)
Hibernate: select userentity0_.id as id1_6_, userentity0_.created_at as created_2_6_, userentity0_.created_by as created_3_6_, userentity0_.email as email4_6_, userentity0_.email_expired as email_ex5_6_, userentity0_.email_locked as email_lo6_6_, userentity0_.ip as ip7_6_, userentity0_.lass_password_changed as lass_pas8_6_, userentity0_.login_type as login_ty9_6_, userentity0_.modified_at as modifie10_6_, userentity0_.modified_by as modifie11_6_, userentity0_.nickname as nicknam12_6_, userentity0_.password as passwor13_6_ from user_entity userentity0_ where userentity0_.email=?
Hibernate: select userentity0_.id as id1_6_, userentity0_.created_at as created_2_6_, userentity0_.created_by as created_3_6_, userentity0_.email as email4_6_, userentity0_.email_expired as email_ex5_6_, userentity0_.email_locked as email_lo6_6_, userentity0_.ip as ip7_6_, userentity0_.lass_password_changed as lass_pas8_6_, userentity0_.login_type as login_ty9_6_, userentity0_.modified_at as modifie10_6_, userentity0_.modified_by as modifie11_6_, userentity0_.nickname as nicknam12_6_, userentity0_.password as passwor13_6_ from user_entity userentity0_ where userentity0_.email=?
2021-01-24 20:44:36.844  INFO 18528 --- [    Test worker] o.s.t.c.transaction.TransactionContext   : Rolled back transaction for test: [DefaultTestContext@613cb729 testClass = UserVORepositoryTests, testInstance = com.bbdn.server.repository.UserVORepositoryTests@1f962fda, testMethod = save@UserVORepositoryTests, testException = [null], mergedContextConfiguration = [MergedContextConfiguration@3b2761a4 testClass = UserVORepositoryTests, locations = '{}', classes = '{class com.bbdn.server.BbdnServerApplication}', contextInitializerClasses = '[]', activeProfiles = '{}', propertySourceLocations = '{}', propertySourceProperties = '{org.springframework.boot.test.autoconfigure.orm.jpa.DataJpaTestContextBootstrapper=true}', contextCustomizers = set[org.springframework.boot.test.autoconfigure.OverrideAutoConfigurationContextCustomizerFactory$DisableAutoConfigurationContextCustomizer@6043c2e0, org.springframework.boot.test.autoconfigure.filter.TypeExcludeFiltersContextCustomizer@351584c0, org.springframework.boot.test.autoconfigure.properties.PropertyMappingContextCustomizer@e60a349a, org.springframework.boot.test.autoconfigure.web.servlet.WebDriverContextCustomizerFactory$Customizer@2f7c5474, [ImportsContextCustomizer@53201dd5 key = [org.springframework.boot.autoconfigure.cache.CacheAutoConfiguration, org.springframework.boot.autoconfigure.data.jpa.JpaRepositoriesAutoConfiguration, org.springframework.boot.autoconfigure.flyway.FlywayAutoConfiguration, org.springframework.boot.autoconfigure.jdbc.DataSourceAutoConfiguration, org.springframework.boot.autoconfigure.jdbc.DataSourceTransactionManagerAutoConfiguration, org.springframework.boot.autoconfigure.jdbc.JdbcTemplateAutoConfiguration, org.springframework.boot.autoconfigure.liquibase.LiquibaseAutoConfiguration, org.springframework.boot.autoconfigure.orm.jpa.HibernateJpaAutoConfiguration, org.springframework.boot.autoconfigure.transaction.TransactionAutoConfiguration, org.springframework.boot.test.autoconfigure.jdbc.TestDatabaseAutoConfiguration, org.springframework.boot.test.autoconfigure.orm.jpa.TestEntityManagerAutoConfiguration]], org.springframework.boot.test.context.filter.ExcludeFilterContextCustomizer@fa56301, org.springframework.boot.test.json.DuplicateJsonObjectContextCustomizerFactory$DuplicateJsonObjectContextCustomizer@19f608d4, org.springframework.boot.test.mock.mockito.MockitoContextCustomizer@0], contextLoader = 'org.springframework.boot.test.context.SpringBootContextLoader', parent = [null]], attributes = map[[empty]]]
]]></system-out>
  <system-err><![CDATA[]]></system-err>
</testsuite>
